<?xml version="1.0" encoding="UTF-8"?>
<!-- Generated by org.testng.reporters.JUnitReportReporter -->
<testsuite hostname="Hrishabh" failures="0" tests="4" name="testcases.TestNGGrouping" time="0.022" errors="0" timestamp="2023-10-15T00:50:54 IST" skipped="0">
  <testcase classname="testcases.TestNGGrouping" name="displayTest3" time="0.003"/>
  <testcase classname="testcases.TestNGGrouping" name="displayTest2" time="0.014"/>
  <testcase classname="testcases.TestNGGrouping" name="displayTest1" time="0.003"/>
  <testcase classname="testcases.TestNGGrouping" name="Verification" time="0.002"/>
</testsuite> <!-- testcases.TestNGGrouping -->
