<?xml version="1.0" encoding="UTF-8"?>
<!-- Generated by org.testng.reporters.JUnitReportReporter -->
<testsuite hostname="Hrishabh" failures="0" tests="4" name="testcases.TestCase_3" time="0.021" errors="0" timestamp="2023-10-14T03:07:16 IST" skipped="0">
  <testcase classname="testcases.TestCase_3" name="displayTest3" time="0.005"/>
  <testcase classname="testcases.TestCase_3" name="displayTest2" time="0.010"/>
  <testcase classname="testcases.TestCase_3" name="displayTest1" time="0.002"/>
  <testcase classname="testcases.TestCase_3" name="Verification" time="0.004"/>
</testsuite> <!-- testcases.TestCase_3 -->
