<?xml version="1.0" encoding="UTF-8"?>
<!-- Generated by org.testng.reporters.JUnitReportReporter -->
<testsuite hostname="Hrishabh" failures="0" tests="2" name="testcases.TestNGAttributes" time="0.031" errors="0" timestamp="2023-10-15T01:10:15 IST" skipped="0">
  <testcase classname="testcases.TestNGAttributes" name="WriteData" time="0.007"/>
  <testcase classname="testcases.TestNGAttributes" name="ReadData" time="0.024"/>
</testsuite> <!-- testcases.TestNGAttributes -->
