<?xml version="1.0" encoding="UTF-8"?>
<!-- Generated by org.testng.reporters.JUnitReportReporter -->
<testsuite hostname="Hrishabh" failures="0" tests="1" name="testcases.TestCase1_Login2" time="12.503" errors="0" timestamp="2023-10-14T02:46:00 IST" skipped="0">
  <testcase classname="testcases.TestCase1_Login2" name="Login" time="12.503"/>
</testsuite> <!-- testcases.TestCase1_Login2 -->
